0 info it worked if it ends with ok
1 verbose cli [ '/opt/git/irsosav/nodejs.git/bin/node',
1 verbose cli   '/opt/git/irsosav/nodejs.git/bin/npm',
1 verbose cli   'install',
1 verbose cli   'body-parse@1.0.2',
1 verbose cli   '--save' ]
2 info using npm@2.15.0
3 info using node@v4.4.2
4 verbose install initial load of /opt/git/irsosav/irsosav.git/package.json
5 verbose installManyTop reading scoped package data from /opt/git/irsosav/irsosav.git/node_modules/body-parser/package.json
6 verbose installManyTop reading scoped package data from /opt/git/irsosav/irsosav.git/node_modules/cookie-parser/package.json
7 verbose installManyTop reading scoped package data from /opt/git/irsosav/irsosav.git/node_modules/debug/package.json
8 verbose installManyTop reading scoped package data from /opt/git/irsosav/irsosav.git/node_modules/express/package.json
9 verbose installManyTop reading scoped package data from /opt/git/irsosav/irsosav.git/node_modules/jade/package.json
10 verbose installManyTop reading scoped package data from /opt/git/irsosav/irsosav.git/node_modules/md5/package.json
11 verbose installManyTop reading scoped package data from /opt/git/irsosav/irsosav.git/node_modules/morgan/package.json
12 verbose installManyTop reading scoped package data from /opt/git/irsosav/irsosav.git/node_modules/mysql/package.json
13 verbose installManyTop reading scoped package data from /opt/git/irsosav/irsosav.git/node_modules/serve-favicon/package.json
14 verbose readDependencies loading dependencies from /opt/git/irsosav/irsosav.git/package.json
15 silly cache add args [ 'body-parse@1.0.2', null ]
16 verbose cache add spec body-parse@1.0.2
17 silly cache add parsed spec Result {
17 silly cache add   raw: 'body-parse@1.0.2',
17 silly cache add   scope: null,
17 silly cache add   name: 'body-parse',
17 silly cache add   rawSpec: '1.0.2',
17 silly cache add   spec: '1.0.2',
17 silly cache add   type: 'version' }
18 silly addNamed body-parse@1.0.2
19 verbose addNamed "1.0.2" is a plain semver version for body-parse
20 silly mapToRegistry name body-parse
21 silly mapToRegistry using default registry
22 silly mapToRegistry registry https://registry.npmjs.org/
23 silly mapToRegistry data Result {
23 silly mapToRegistry   raw: 'body-parse',
23 silly mapToRegistry   scope: null,
23 silly mapToRegistry   name: 'body-parse',
23 silly mapToRegistry   rawSpec: '',
23 silly mapToRegistry   spec: 'latest',
23 silly mapToRegistry   type: 'tag' }
24 silly mapToRegistry uri https://registry.npmjs.org/body-parse
25 verbose addNameVersion registry:https://registry.npmjs.org/body-parse not in flight; fetching
26 verbose request uri https://registry.npmjs.org/body-parse
27 verbose request no auth needed
28 info attempt registry request try #1 at 8:08:43 PM
29 verbose request id cb66dbed0dae8db8
30 http request GET https://registry.npmjs.org/body-parse
31 http 404 https://registry.npmjs.org/body-parse
32 verbose headers { 'content-type': 'application/json',
32 verbose headers   'cache-control': 'max-age=0',
32 verbose headers   'content-length': '2',
32 verbose headers   'accept-ranges': 'bytes',
32 verbose headers   date: 'Wed, 11 May 2016 23:08:44 GMT',
32 verbose headers   via: '1.1 varnish',
32 verbose headers   age: '0',
32 verbose headers   connection: 'keep-alive',
32 verbose headers   'x-served-by': 'cache-atl6225-ATL',
32 verbose headers   'x-cache': 'MISS',
32 verbose headers   'x-cache-hits': '0',
32 verbose headers   'x-timer': 'S1463008124.032109,VS0,VE36',
32 verbose headers   vary: 'Accept-Encoding' }
33 silly get cb [ 404,
33 silly get   { 'content-type': 'application/json',
33 silly get     'cache-control': 'max-age=0',
33 silly get     'content-length': '2',
33 silly get     'accept-ranges': 'bytes',
33 silly get     date: 'Wed, 11 May 2016 23:08:44 GMT',
33 silly get     via: '1.1 varnish',
33 silly get     age: '0',
33 silly get     connection: 'keep-alive',
33 silly get     'x-served-by': 'cache-atl6225-ATL',
33 silly get     'x-cache': 'MISS',
33 silly get     'x-cache-hits': '0',
33 silly get     'x-timer': 'S1463008124.032109,VS0,VE36',
33 silly get     vary: 'Accept-Encoding' } ]
34 verbose stack Error: Registry returned 404 for GET on https://registry.npmjs.org/body-parse
34 verbose stack     at makeError (/opt/git/irsosav/nodejs.git/lib/node_modules/npm/node_modules/npm-registry-client/lib/request.js:264:12)
34 verbose stack     at CachingRegistryClient.<anonymous> (/opt/git/irsosav/nodejs.git/lib/node_modules/npm/node_modules/npm-registry-client/lib/request.js:242:14)
34 verbose stack     at Request._callback (/opt/git/irsosav/nodejs.git/lib/node_modules/npm/node_modules/npm-registry-client/lib/request.js:172:14)
34 verbose stack     at Request.self.callback (/opt/git/irsosav/nodejs.git/lib/node_modules/npm/node_modules/request/request.js:199:22)
34 verbose stack     at emitTwo (events.js:87:13)
34 verbose stack     at Request.emit (events.js:172:7)
34 verbose stack     at Request.<anonymous> (/opt/git/irsosav/nodejs.git/lib/node_modules/npm/node_modules/request/request.js:1036:10)
34 verbose stack     at emitOne (events.js:82:20)
34 verbose stack     at Request.emit (events.js:169:7)
34 verbose stack     at IncomingMessage.<anonymous> (/opt/git/irsosav/nodejs.git/lib/node_modules/npm/node_modules/request/request.js:963:12)
35 verbose statusCode 404
36 verbose pkgid body-parse
37 verbose cwd /opt/git/irsosav/irsosav.git
38 error Linux 3.10.0-327.13.1.el7.x86_64
39 error argv "/opt/git/irsosav/nodejs.git/bin/node" "/opt/git/irsosav/nodejs.git/bin/npm" "install" "body-parse@1.0.2" "--save"
40 error node v4.4.2
41 error npm  v2.15.0
42 error code E404
43 error 404 Registry returned 404 for GET on https://registry.npmjs.org/body-parse
43 error 404
43 error 404 'body-parse' is not in the npm registry.
43 error 404 You should bug the author to publish it (or use the name yourself!)
43 error 404 It was specified as a dependency of 'irsosav.git'
43 error 404
43 error 404 Note that you can also install from a
43 error 404 tarball, folder, http url, or git url.
44 verbose exit [ 1, true ]
